 GET /homePage.html 304 - - 33.194 ms Sun, 04 Dec 2022 13:41:36 GMT
 GET /style.css 304 - - 6.471 ms Sun, 04 Dec 2022 13:41:37 GMT
 GET /script.js 304 - - 5.158 ms Sun, 04 Dec 2022 13:41:37 GMT
 GET /data/users.json 400 20 - 13.099 ms Sun, 04 Dec 2022 13:41:37 GMT
 GET /favicon.ico 400 20 - 6.426 ms Sun, 04 Dec 2022 13:41:37 GMT
 GET /favicon.ico 400 20 - 6.431 ms Sun, 04 Dec 2022 13:41:40 GMT
 POST /api/login 200 - - 235.377 ms Sun, 04 Dec 2022 13:41:42 GMT
 GET /homePage.html 304 - - 1.352 ms Sun, 04 Dec 2022 13:41:42 GMT
 GET /style.css 304 - - 4.564 ms Sun, 04 Dec 2022 13:41:42 GMT
 GET /script.js 304 - - 5.882 ms Sun, 04 Dec 2022 13:41:42 GMT
 GET /data/users.json 400 20 - 1.410 ms Sun, 04 Dec 2022 13:41:42 GMT
 GET /favicon.ico 400 20 - 1.191 ms Sun, 04 Dec 2022 13:41:42 GMT
 GET / 200 5232 - 25.784 ms Sun, 04 Dec 2022 15:08:36 GMT
 GET /style.css 200 11115 - 7.488 ms Sun, 04 Dec 2022 15:08:36 GMT
 GET /script.js 200 14628 - 6.505 ms Sun, 04 Dec 2022 15:08:36 GMT
 GET /BAMD%20IAM.png 200 43923 - 2.683 ms Sun, 04 Dec 2022 15:08:37 GMT
 GET /favicon.ico 400 20 - 5.376 ms Sun, 04 Dec 2022 15:08:37 GMT
 GET / 200 5232 - 17.337 ms Sun, 04 Dec 2022 15:09:17 GMT
 GET /style.css 200 11115 - 6.716 ms Sun, 04 Dec 2022 15:09:17 GMT
 GET /script.js 200 14628 - 5.380 ms Sun, 04 Dec 2022 15:09:17 GMT
 GET /BAMD%20IAM.png 200 43923 - 5.954 ms Sun, 04 Dec 2022 15:09:17 GMT
